<?xml version="1.0" encoding="UTF-8"?>
<testsuite xmlns:xsi="http://www.w3.org/2001/XMLSchema-instance" xsi:noNamespaceSchemaLocation="https://maven.apache.org/surefire/maven-surefire-plugin/xsd/surefire-test-report.xsd" name="GQTest" time="0.006" tests="15" errors="0" skipped="0" failures="0">
  <properties>
[...]
</properties>
  <testcase name="hasNextTestFalse" classname="GQTest" time="0"/>
  <testcase name="addValueTest" classname="GQTest" time="0"/>
  <testcase name="deleteLengthTest" classname="GQTest" time="0"/>
  <testcase name="reverseHasNextTest" classname="GQTest" time="0"/>
  <testcase name="reverseNextTest" classname="GQTest" time="0"/>
  <testcase name="forEachTest" classname="GQTest" time="0"/>
  <testcase name="hasNextTest" classname="GQTest" time="0"/>
  <testcase name="deleteValueTest" classname="GQTest" time="0"/>
  <testcase name="dumpArrayTest" classname="GQTest" time="0"/>
  <testcase name="addLengthTest" classname="GQTest" time="0"/>
  <testcase name="enqueueTest" classname="GQTest" time="0"/>
  <testcase name="nextTest" classname="GQTest" time="0.001"/>
  <testcase name="gqConstructorTest" classname="GQTest" time="0"/>
  <testcase name="dequeue" classname="GQTest" time="0"/>
  <testcase name="setTest" classname="GQTest" time="0.001"/>
</testsuite>